# JRE version: Java(TM) SE Runtime Environment (8.0_152-b16) (build 1.8.0_152-b16)
# Java VM: Java HotSpot(TM) 64-Bit Server VM (25.152-b16 mixed mode windows-amd64 compressed oops)
Heap:
 PSYoungGen      total 571392K, used 384807K [0x00000000d5d80000, 0x0000000100000000, 0x0000000100000000)
  eden space 458752K, 71% used [0x00000000d5d80000,0x00000000e9fd5f40,0x00000000f1d80000)
  from space 112640K, 48% used [0x00000000f8880000,0x00000000fbdf3de0,0x00000000ff680000)
  to   space 109568K, 0% used [0x00000000f1d80000,0x00000000f1d80000,0x00000000f8880000)
 ParOldGen       total 235008K, used 95356K [0x0000000081800000, 0x000000008fd80000, 0x00000000d5d80000)
  object space 235008K, 40% used [0x0000000081800000,0x000000008751f2a0,0x000000008fd80000)
 Metaspace       used 211024K, capacity 212534K, committed 213760K, reserved 1234944K
  class space    used 27408K, capacity 27778K, committed 27904K, reserved 1048576K
GC Heap History (10 events):
Event: 2612.616 GC heap before
{Heap before GC invocations=50 (full 6):
 PSYoungGen      total 571904K, used 522528K [0x00000000d5d80000, 0x0000000100000000, 0x0000000100000000)
  eden space 453120K, 100% used [0x00000000d5d80000,0x00000000f1800000,0x00000000f1800000)
  from space 118784K, 58% used [0x00000000f1800000,0x00000000f5bc8290,0x00000000f8c00000)
  to   space 116224K, 0% used [0x00000000f8e80000,0x00000000f8e80000,0x0000000100000000)
 ParOldGen       total 235008K, used 80149K [0x0000000081800000, 0x000000008fd80000, 0x00000000d5d80000)
  object space 235008K, 34% used [0x0000000081800000,0x00000000866454b0,0x000000008fd80000)
 Metaspace       used 189612K, capacity 191004K, committed 191872K, reserved 1216512K
  class space    used 24522K, capacity 24866K, committed 24960K, reserved 1048576K
Event: 2612.704 GC heap after
Heap after GC invocations=50 (full 6):
 PSYoungGen      total 561152K, used 67070K [0x00000000d5d80000, 0x00000000ff580000, 0x0000000100000000)
  eden space 455680K, 0% used [0x00000000d5d80000,0x00000000d5d80000,0x00000000f1a80000)
  from space 105472K, 63% used [0x00000000f8e80000,0x00000000fcfffaa0,0x00000000ff580000)
  to   space 112128K, 0% used [0x00000000f1a80000,0x00000000f1a80000,0x00000000f8800000)
 ParOldGen       total 235008K, used 83437K [0x0000000081800000, 0x000000008fd80000, 0x00000000d5d80000)
  object space 235008K, 35% used [0x0000000081800000,0x000000008697b570,0x000000008fd80000)
 Metaspace       used 189612K, capacity 191004K, committed 191872K, reserved 1216512K
  class space    used 24522K, capacity 24866K, committed 24960K, reserved 1048576K
}
Event: 2616.511 GC heap before
{Heap before GC invocations=51 (full 6):
 PSYoungGen      total 561152K, used 522750K [0x00000000d5d80000, 0x00000000ff580000, 0x0000000100000000)
  eden space 455680K, 100% used [0x00000000d5d80000,0x00000000f1a80000,0x00000000f1a80000)
  from space 105472K, 63% used [0x00000000f8e80000,0x00000000fcfffaa0,0x00000000ff580000)
  to   space 112128K, 0% used [0x00000000f1a80000,0x00000000f1a80000,0x00000000f8800000)
 ParOldGen       total 235008K, used 83437K [0x0000000081800000, 0x000000008fd80000, 0x00000000d5d80000)
  object space 235008K, 35% used [0x0000000081800000,0x000000008697b570,0x000000008fd80000)
 Metaspace       used 191690K, capacity 193106K, committed 193920K, reserved 1218560K
  class space    used 24810K, capacity 25162K, committed 25216K, reserved 1048576K
Event: 2616.625 GC heap after
Heap after GC invocations=51 (full 6):
 PSYoungGen      total 567808K, used 98531K [0x00000000d5d80000, 0x0000000100000000, 0x0000000100000000)
  eden space 455680K, 0% used [0x00000000d5d80000,0x00000000d5d80000,0x00000000f1a80000)
  from space 112128K, 87% used [0x00000000f1a80000,0x00000000f7ab8e08,0x00000000f8800000)
  to   space 120320K, 0% used [0x00000000f8a80000,0x00000000f8a80000,0x0000000100000000)
 ParOldGen       total 235008K, used 86415K [0x0000000081800000, 0x000000008fd80000, 0x00000000d5d80000)
  object space 235008K, 36% used [0x0000000081800000,0x0000000086c63f18,0x000000008fd80000)
 Metaspace       used 191690K, capacity 193106K, committed 193920K, reserved 1218560K
  class space    used 24810K, capacity 25162K, committed 25216K, reserved 1048576K
}
Event: 2619.864 GC heap before
{Heap before GC invocations=52 (full 6):
 PSYoungGen      total 567808K, used 554211K [0x00000000d5d80000, 0x0000000100000000, 0x0000000100000000)
  eden space 455680K, 100% used [0x00000000d5d80000,0x00000000f1a80000,0x00000000f1a80000)
  from space 112128K, 87% used [0x00000000f1a80000,0x00000000f7ab8e08,0x00000000f8800000)
  to   space 120320K, 0% used [0x00000000f8a80000,0x00000000f8a80000,0x0000000100000000)
 ParOldGen       total 235008K, used 86415K [0x0000000081800000, 0x000000008fd80000, 0x00000000d5d80000)
  object space 235008K, 36% used [0x0000000081800000,0x0000000086c63f18,0x000000008fd80000)
 Metaspace       used 192267K, capacity 193694K, committed 194816K, reserved 1218560K
  class space    used 24861K, capacity 25228K, committed 25344K, reserved 1048576K
Event: 2620.089 GC heap after
Heap after GC invocations=52 (full 6):
 PSYoungGen      total 573952K, used 63305K [0x00000000d5d80000, 0x00000000fff00000, 0x0000000100000000)
  eden space 454656K, 0% used [0x00000000d5d80000,0x00000000d5d80000,0x00000000f1980000)
  from space 119296K, 53% used [0x00000000f8a80000,0x00000000fc852598,0x00000000fff00000)
  to   space 115712K, 0% used [0x00000000f1980000,0x00000000f1980000,0x00000000f8a80000)
 ParOldGen       total 235008K, used 90006K [0x0000000081800000, 0x000000008fd80000, 0x00000000d5d80000)
  object space 235008K, 38% used [0x0000000081800000,0x0000000086fe59b0,0x000000008fd80000)
 Metaspace       used 192267K, capacity 193694K, committed 194816K, reserved 1218560K
  class space    used 24861K, capacity 25228K, committed 25344K, reserved 1048576K
}
Event: 2626.667 GC heap before
{Heap before GC invocations=53 (full 6):
 PSYoungGen      total 573952K, used 517961K [0x00000000d5d80000, 0x00000000fff00000, 0x0000000100000000)
  eden space 454656K, 100% used [0x00000000d5d80000,0x00000000f1980000,0x00000000f1980000)
  from space 119296K, 53% used [0x00000000f8a80000,0x00000000fc852598,0x00000000fff00000)
  to   space 115712K, 0% used [0x00000000f1980000,0x00000000f1980000,0x00000000f8a80000)
 ParOldGen       total 235008K, used 90006K [0x0000000081800000, 0x000000008fd80000, 0x00000000d5d80000)
  object space 235008K, 38% used [0x0000000081800000,0x0000000086fe59b0,0x000000008fd80000)
 Metaspace       used 209034K, capacity 210438K, committed 211584K, reserved 1232896K
  class space    used 27149K, capacity 27512K, committed 27520K, reserved 1048576K
Event: 2626.891 GC heap after
Heap after GC invocations=53 (full 6):
 PSYoungGen      total 509952K, used 54948K [0x00000000d5d80000, 0x00000000ff680000, 0x0000000100000000)
  eden space 454656K, 0% used [0x00000000d5d80000,0x00000000d5d80000,0x00000000f1980000)
  from space 55296K, 99% used [0x00000000f1980000,0x00000000f4f29190,0x00000000f4f80000)
  to   space 112640K, 0% used [0x00000000f8880000,0x00000000f8880000,0x00000000ff680000)
 ParOldGen       total 235008K, used 90318K [0x0000000081800000, 0x000000008fd80000, 0x00000000d5d80000)
  object space 235008K, 38% used [0x0000000081800000,0x00000000870339b0,0x000000008fd80000)
 Metaspace       used 209034K, capacity 210438K, committed 211584K, reserved 1232896K
  class space    used 27149K, capacity 27512K, committed 27520K, reserved 1048576K
}
Event: 2769.066 GC heap before
{Heap before GC invocations=54 (full 6):
 PSYoungGen      total 509952K, used 509604K [0x00000000d5d80000, 0x00000000ff680000, 0x0000000100000000)
  eden space 454656K, 100% used [0x00000000d5d80000,0x00000000f1980000,0x00000000f1980000)
  from space 55296K, 99% used [0x00000000f1980000,0x00000000f4f29190,0x00000000f4f80000)
  to   space 112640K, 0% used [0x00000000f8880000,0x00000000f8880000,0x00000000ff680000)
 ParOldGen       total 235008K, used 90318K [0x0000000081800000, 0x000000008fd80000, 0x00000000d5d80000)
  object space 235008K, 38% used [0x0000000081800000,0x00000000870339b0,0x000000008fd80000)
 Metaspace       used 211023K, capacity 212534K, committed 213760K, reserved 1234944K
  class space    used 27408K, capacity 27778K, committed 27904K, reserved 1048576K
Event: 2769.161 GC heap after
Heap after GC invocations=54 (full 6):
 PSYoungGen      total 571392K, used 54735K [0x00000000d5d80000, 0x0000000100000000, 0x0000000100000000)
  eden space 458752K, 0% used [0x00000000d5d80000,0x00000000d5d80000,0x00000000f1d80000)
  from space 112640K, 48% used [0x00000000f8880000,0x00000000fbdf3de0,0x00000000ff680000)
  to   space 109568K, 0% used [0x00000000f1d80000,0x00000000f1d80000,0x00000000f8880000)
 ParOldGen       total 235008K, used 95356K [0x0000000081800000, 0x000000008fd80000, 0x00000000d5d80000)
  object space 235008K, 40% used [0x0000000081800000,0x000000008751f2a0,0x000000008fd80000)
 Metaspace       used 211023K, capacity 212534K, committed 213760K, reserved 1234944K
  class space    used 27408K, capacity 27778K, committed 27904K, reserved 1048576K
}

